<?xml version="1.0" encoding="UTF-8"?>
<testng-results ignored="0" total="1" passed="1" failed="0" skipped="0">
  <reporter-output>
  </reporter-output>
  <suite started-at="2023-05-04T15:06:36Z" name="Default suite" finished-at="2023-05-04T15:06:44Z" duration-ms="8107">
    <groups>
    </groups>
    <test started-at="2023-05-04T15:06:36Z" name="Default test" finished-at="2023-05-04T15:06:44Z" duration-ms="8107">
      <class name="DynamicJsonPayloadwithParameterization.DynamicJson">
        <test-method signature="AddBook()[pri:0, instance:DynamicJsonPayloadwithParameterization.DynamicJson@59e505b2]" started-at="2023-05-04T15:06:36Z" name="AddBook" finished-at="2023-05-04T15:06:44Z" duration-ms="8062" status="PASS">
          <reporter-output>
          </reporter-output>
        </test-method> <!-- AddBook -->
      </class> <!-- DynamicJsonPayloadwithParameterization.DynamicJson -->
    </test> <!-- Default test -->
  </suite> <!-- Default suite -->
</testng-results>
